<?xml version="1.0" encoding="UTF-8"?>
<!-- Generated by org.testng.reporters.JUnitReportReporter -->
<testsuite hostname="Muthukumar" failures="0" tests="1" name="testScroll" time="26.597" errors="0" timestamp="2023-11-09T10:26:50 IST" skipped="0">
  <testcase classname="testScroll" name="f" time="26.597"/>
  <system-out/>
</testsuite> <!-- testScroll -->
